<!DOCTYPE html PUBLIC "-//W3C//DTD XHTML 1.1//EN" "http://www.w3.org/TR/xhtml11/DTD/xhtml11.dtd">
<html xmlns="http://www.w3.org/1999/xhtml"><head><title>TestNG Report</title><style type="text/css">table {margin-bottom:10px;border-collapse:collapse;empty-cells:show}th,td {border:1px solid #009;padding:.25em .5em}th {vertical-align:bottom}td {vertical-align:top}table a {font-weight:bold}.stripe td {background-color: #E6EBF9}.num {text-align:right}.passedodd td {background-color: #3F3}.passedeven td {background-color: #0A0}.skippedodd td {background-color: #DDD}.skippedeven td {background-color: #CCC}.failedodd td,.attn {background-color: #F33}.failedeven td,.stripe .attn {background-color: #D00}.stacktrace {white-space:pre;font-family:monospace}.totop {font-size:85%;text-align:center;border-bottom:2px solid #000}</style></head><body><table><tr><th>Test</th><th># Passed</th><th># Skipped</th><th># Failed</th><th>Time (ms)</th><th>Included Groups</th><th>Excluded Groups</th></tr><tr><th colspan="7">Default suite</th></tr><tr><td><a href="#t0">Default test</a></td><td class="num">21</td><td class="num">0</td><td class="num">0</td><td class="num">57</td><td></td><td></td></tr></table><table><thead><tr><th>Class</th><th>Method</th><th>Start</th><th>Time (ms)</th></tr></thead><tbody><tr><th colspan="4">Default suite</th></tr></tbody><tbody id="t0"><tr><th colspan="4">Default test &#8212; passed</th></tr><tr class="passedeven"><td rowspan="21">org.rnott.mock.evaluators.StringEvaluatorTest</td><td><a href="#m0">evaluate</a></td><td rowspan="13">1472192951715</td><td rowspan="13">0</td></tr><tr class="passedeven"><td><a href="#m1">evaluate</a></td></tr><tr class="passedeven"><td><a href="#m2">evaluate</a></td></tr><tr class="passedeven"><td><a href="#m3">evaluate</a></td></tr><tr class="passedeven"><td><a href="#m4">evaluate</a></td></tr><tr class="passedeven"><td><a href="#m5">evaluate</a></td></tr><tr class="passedeven"><td><a href="#m6">evaluate</a></td></tr><tr class="passedeven"><td><a href="#m7">evaluate</a></td></tr><tr class="passedeven"><td><a href="#m8">evaluate</a></td></tr><tr class="passedeven"><td><a href="#m9">evaluate</a></td></tr><tr class="passedeven"><td><a href="#m10">evaluate</a></td></tr><tr class="passedeven"><td><a href="#m11">evaluate</a></td></tr><tr class="passedeven"><td><a href="#m12">evaluate</a></td></tr><tr class="passedeven"><td><a href="#m13">evaluate_IllegalStateException</a></td><td rowspan="7">1472192951737</td><td rowspan="7">0</td></tr><tr class="passedeven"><td><a href="#m14">evaluate_IllegalStateException</a></td></tr><tr class="passedeven"><td><a href="#m15">evaluate_IllegalStateException</a></td></tr><tr class="passedeven"><td><a href="#m16">evaluate_IllegalStateException</a></td></tr><tr class="passedeven"><td><a href="#m17">evaluate_IllegalStateException</a></td></tr><tr class="passedeven"><td><a href="#m18">evaluate_IllegalStateException</a></td></tr><tr class="passedeven"><td><a href="#m19">evaluate_IllegalStateException</a></td></tr><tr class="passedeven"><td><a href="#m20">key</a></td><td rowspan="1">1472192951744</td><td rowspan="1">0</td></tr></tbody></table><h2>Default test</h2><h3 id="m0">org.rnott.mock.evaluators.StringEvaluatorTest#evaluate</h3><table class="result"><tr class="param"><th>Parameter #1</th><th>Parameter #2</th></tr><tr class="param stripe"><td>compareTo</td><td>[1234, 1234]</td></tr></table><p class="totop"><a href="#summary">back to summary</a></p><h3 id="m1">org.rnott.mock.evaluators.StringEvaluatorTest#evaluate</h3><table class="result"><tr class="param"><th>Parameter #1</th><th>Parameter #2</th></tr><tr class="param stripe"><td>substring</td><td>[1234, 0, 1]</td></tr></table><p class="totop"><a href="#summary">back to summary</a></p><h3 id="m2">org.rnott.mock.evaluators.StringEvaluatorTest#evaluate</h3><table class="result"><tr class="param"><th>Parameter #1</th><th>Parameter #2</th></tr><tr class="param stripe"><td>valueOf</td><td>[, 1]</td></tr></table><p class="totop"><a href="#summary">back to summary</a></p><h3 id="m3">org.rnott.mock.evaluators.StringEvaluatorTest#evaluate</h3><table class="result"><tr class="param"><th>Parameter #1</th><th>Parameter #2</th></tr><tr class="param stripe"><td>valueOf</td><td>[, a]</td></tr></table><p class="totop"><a href="#summary">back to summary</a></p><h3 id="m4">org.rnott.mock.evaluators.StringEvaluatorTest#evaluate</h3><table class="result"><tr class="param"><th>Parameter #1</th><th>Parameter #2</th></tr><tr class="param stripe"><td>valueOf</td><td>[, true]</td></tr></table><p class="totop"><a href="#summary">back to summary</a></p><h3 id="m5">org.rnott.mock.evaluators.StringEvaluatorTest#evaluate</h3><table class="result"><tr class="param"><th>Parameter #1</th><th>Parameter #2</th></tr><tr class="param stripe"><td>valueOf</td><td>[, 1.0]</td></tr></table><p class="totop"><a href="#summary">back to summary</a></p><h3 id="m6">org.rnott.mock.evaluators.StringEvaluatorTest#evaluate</h3><table class="result"><tr class="param"><th>Parameter #1</th><th>Parameter #2</th></tr><tr class="param stripe"><td>valueOf</td><td>[, 1]</td></tr></table><p class="totop"><a href="#summary">back to summary</a></p><h3 id="m7">org.rnott.mock.evaluators.StringEvaluatorTest#evaluate</h3><table class="result"><tr class="param"><th>Parameter #1</th><th>Parameter #2</th></tr><tr class="param stripe"><td>valueOf</td><td>[, 1.0]</td></tr></table><p class="totop"><a href="#summary">back to summary</a></p><h3 id="m8">org.rnott.mock.evaluators.StringEvaluatorTest#evaluate</h3><table class="result"><tr class="param"><th>Parameter #1</th><th>Parameter #2</th></tr><tr class="param stripe"><td>valueOf</td><td>[, 1]</td></tr></table><p class="totop"><a href="#summary">back to summary</a></p><h3 id="m9">org.rnott.mock.evaluators.StringEvaluatorTest#evaluate</h3><table class="result"><tr class="param"><th>Parameter #1</th><th>Parameter #2</th></tr><tr class="param stripe"><td>length</td><td>[1234]</td></tr></table><p class="totop"><a href="#summary">back to summary</a></p><h3 id="m10">org.rnott.mock.evaluators.StringEvaluatorTest#evaluate</h3><table class="result"><tr class="param"><th>Parameter #1</th><th>Parameter #2</th></tr><tr class="param stripe"><td>valueOf</td><td>[, 1]</td></tr></table><p class="totop"><a href="#summary">back to summary</a></p><h3 id="m11">org.rnott.mock.evaluators.StringEvaluatorTest#evaluate</h3><table class="result"><tr class="param"><th>Parameter #1</th><th>Parameter #2</th></tr><tr class="param stripe"><td>substring</td><td>[1234, 0]</td></tr></table><p class="totop"><a href="#summary">back to summary</a></p><h3 id="m12">org.rnott.mock.evaluators.StringEvaluatorTest#evaluate</h3><table class="result"><tr class="param"><th>Parameter #1</th><th>Parameter #2</th></tr><tr class="param stripe"><td>replace</td><td>[1234, 2, 1]</td></tr></table><p class="totop"><a href="#summary">back to summary</a></p><h3 id="m13">org.rnott.mock.evaluators.StringEvaluatorTest#evaluate_IllegalStateException</h3><table class="result"><tr class="param"><th>Parameter #1</th><th>Parameter #2</th></tr><tr class="param stripe"><td>method</td><td>[foo]</td></tr><tr><th colspan="2">Expected Exception</th></tr><tr><td colspan="2"><div class="stacktrace">java.lang.IllegalStateException: String.method() does not exist or is not accessible
	at org.rnott.mock.evaluators.StringEvaluator.evaluate(StringEvaluator.java:49)
	at org.rnott.mock.evaluators.StringEvaluatorTest.evaluate_IllegalStateException(StringEvaluatorTest.java:77)
	at sun.reflect.NativeMethodAccessorImpl.invoke0(Native Method)
	at sun.reflect.NativeMethodAccessorImpl.invoke(NativeMethodAccessorImpl.java:57)
	at sun.reflect.DelegatingMethodAccessorImpl.invoke(DelegatingMethodAccessorImpl.java:43)
	at java.lang.reflect.Method.invoke(Method.java:601)
	at org.testng.internal.MethodInvocationHelper.invokeMethod(MethodInvocationHelper.java:84)
	at org.testng.internal.Invoker.invokeMethod(Invoker.java:714)
	at org.testng.internal.Invoker.invokeTestMethod(Invoker.java:901)
	at org.testng.internal.Invoker.invokeTestMethods(Invoker.java:1231)
	at org.testng.internal.TestMethodWorker.invokeTestMethods(TestMethodWorker.java:127)
	at org.testng.internal.TestMethodWorker.run(TestMethodWorker.java:111)
	at org.testng.TestRunner.privateRun(TestRunner.java:767)
	at org.testng.TestRunner.run(TestRunner.java:617)
	at org.testng.SuiteRunner.runTest(SuiteRunner.java:334)
	at org.testng.SuiteRunner.runSequentially(SuiteRunner.java:329)
	at org.testng.SuiteRunner.privateRun(SuiteRunner.java:291)
	at org.testng.SuiteRunner.run(SuiteRunner.java:240)
	at org.testng.SuiteRunnerWorker.runSuite(SuiteRunnerWorker.java:52)
	at org.testng.SuiteRunnerWorker.run(SuiteRunnerWorker.java:86)
	at org.testng.TestNG.runSuitesSequentially(TestNG.java:1224)
	at org.testng.TestNG.runSuitesLocally(TestNG.java:1149)
	at org.testng.TestNG.run(TestNG.java:1057)
	at org.testng.remote.RemoteTestNG.run(RemoteTestNG.java:111)
	at org.testng.remote.RemoteTestNG.initAndRun(RemoteTestNG.java:204)
	at org.testng.remote.RemoteTestNG.main(RemoteTestNG.java:175)
</div></td></tr></table><p class="totop"><a href="#summary">back to summary</a></p><h3 id="m14">org.rnott.mock.evaluators.StringEvaluatorTest#evaluate_IllegalStateException</h3><table class="result"><tr class="param"><th>Parameter #1</th><th>Parameter #2</th></tr><tr class="param stripe"><td>method</td><td>[123]</td></tr><tr><th colspan="2">Expected Exception</th></tr><tr><td colspan="2"><div class="stacktrace">java.lang.IllegalStateException: String target instance must be the first parameter provided
	at org.rnott.mock.evaluators.StringEvaluator.evaluate(StringEvaluator.java:37)
	at org.rnott.mock.evaluators.StringEvaluatorTest.evaluate_IllegalStateException(StringEvaluatorTest.java:77)
	at sun.reflect.NativeMethodAccessorImpl.invoke0(Native Method)
	at sun.reflect.NativeMethodAccessorImpl.invoke(NativeMethodAccessorImpl.java:57)
	at sun.reflect.DelegatingMethodAccessorImpl.invoke(DelegatingMethodAccessorImpl.java:43)
	at java.lang.reflect.Method.invoke(Method.java:601)
	at org.testng.internal.MethodInvocationHelper.invokeMethod(MethodInvocationHelper.java:84)
	at org.testng.internal.Invoker.invokeMethod(Invoker.java:714)
	at org.testng.internal.Invoker.invokeTestMethod(Invoker.java:901)
	at org.testng.internal.Invoker.invokeTestMethods(Invoker.java:1231)
	at org.testng.internal.TestMethodWorker.invokeTestMethods(TestMethodWorker.java:127)
	at org.testng.internal.TestMethodWorker.run(TestMethodWorker.java:111)
	at org.testng.TestRunner.privateRun(TestRunner.java:767)
	at org.testng.TestRunner.run(TestRunner.java:617)
	at org.testng.SuiteRunner.runTest(SuiteRunner.java:334)
	at org.testng.SuiteRunner.runSequentially(SuiteRunner.java:329)
	at org.testng.SuiteRunner.privateRun(SuiteRunner.java:291)
	at org.testng.SuiteRunner.run(SuiteRunner.java:240)
	at org.testng.SuiteRunnerWorker.runSuite(SuiteRunnerWorker.java:52)
	at org.testng.SuiteRunnerWorker.run(SuiteRunnerWorker.java:86)
	at org.testng.TestNG.runSuitesSequentially(TestNG.java:1224)
	at org.testng.TestNG.runSuitesLocally(TestNG.java:1149)
	at org.testng.TestNG.run(TestNG.java:1057)
	at org.testng.remote.RemoteTestNG.run(RemoteTestNG.java:111)
	at org.testng.remote.RemoteTestNG.initAndRun(RemoteTestNG.java:204)
	at org.testng.remote.RemoteTestNG.main(RemoteTestNG.java:175)
</div></td></tr></table><p class="totop"><a href="#summary">back to summary</a></p><h3 id="m15">org.rnott.mock.evaluators.StringEvaluatorTest#evaluate_IllegalStateException</h3><table class="result"><tr class="param"><th>Parameter #1</th><th>Parameter #2</th></tr><tr class="param stripe"><td>length</td><td>[foo, 123]</td></tr><tr><th colspan="2">Expected Exception</th></tr><tr><td colspan="2"><div class="stacktrace">java.lang.IllegalStateException: String.length(java.lang.Integer) does not exist or is not accessible
	at org.rnott.mock.evaluators.StringEvaluator.evaluate(StringEvaluator.java:49)
	at org.rnott.mock.evaluators.StringEvaluatorTest.evaluate_IllegalStateException(StringEvaluatorTest.java:77)
	at sun.reflect.NativeMethodAccessorImpl.invoke0(Native Method)
	at sun.reflect.NativeMethodAccessorImpl.invoke(NativeMethodAccessorImpl.java:57)
	at sun.reflect.DelegatingMethodAccessorImpl.invoke(DelegatingMethodAccessorImpl.java:43)
	at java.lang.reflect.Method.invoke(Method.java:601)
	at org.testng.internal.MethodInvocationHelper.invokeMethod(MethodInvocationHelper.java:84)
	at org.testng.internal.Invoker.invokeMethod(Invoker.java:714)
	at org.testng.internal.Invoker.invokeTestMethod(Invoker.java:901)
	at org.testng.internal.Invoker.invokeTestMethods(Invoker.java:1231)
	at org.testng.internal.TestMethodWorker.invokeTestMethods(TestMethodWorker.java:127)
	at org.testng.internal.TestMethodWorker.run(TestMethodWorker.java:111)
	at org.testng.TestRunner.privateRun(TestRunner.java:767)
	at org.testng.TestRunner.run(TestRunner.java:617)
	at org.testng.SuiteRunner.runTest(SuiteRunner.java:334)
	at org.testng.SuiteRunner.runSequentially(SuiteRunner.java:329)
	at org.testng.SuiteRunner.privateRun(SuiteRunner.java:291)
	at org.testng.SuiteRunner.run(SuiteRunner.java:240)
	at org.testng.SuiteRunnerWorker.runSuite(SuiteRunnerWorker.java:52)
	at org.testng.SuiteRunnerWorker.run(SuiteRunnerWorker.java:86)
	at org.testng.TestNG.runSuitesSequentially(TestNG.java:1224)
	at org.testng.TestNG.runSuitesLocally(TestNG.java:1149)
	at org.testng.TestNG.run(TestNG.java:1057)
	at org.testng.remote.RemoteTestNG.run(RemoteTestNG.java:111)
	at org.testng.remote.RemoteTestNG.initAndRun(RemoteTestNG.java:204)
	at org.testng.remote.RemoteTestNG.main(RemoteTestNG.java:175)
</div></td></tr></table><p class="totop"><a href="#summary">back to summary</a></p><h3 id="m16">org.rnott.mock.evaluators.StringEvaluatorTest#evaluate_IllegalStateException</h3><table class="result"><tr class="param"><th>Parameter #1</th><th>Parameter #2</th></tr><tr class="param stripe"><td>method</td><td>[]</td></tr><tr><th colspan="2">Expected Exception</th></tr><tr><td colspan="2"><div class="stacktrace">java.lang.IllegalStateException: String target instance must be the first parameter provided
	at org.rnott.mock.evaluators.StringEvaluator.evaluate(StringEvaluator.java:37)
	at org.rnott.mock.evaluators.StringEvaluatorTest.evaluate_IllegalStateException(StringEvaluatorTest.java:77)
	at sun.reflect.NativeMethodAccessorImpl.invoke0(Native Method)
	at sun.reflect.NativeMethodAccessorImpl.invoke(NativeMethodAccessorImpl.java:57)
	at sun.reflect.DelegatingMethodAccessorImpl.invoke(DelegatingMethodAccessorImpl.java:43)
	at java.lang.reflect.Method.invoke(Method.java:601)
	at org.testng.internal.MethodInvocationHelper.invokeMethod(MethodInvocationHelper.java:84)
	at org.testng.internal.Invoker.invokeMethod(Invoker.java:714)
	at org.testng.internal.Invoker.invokeTestMethod(Invoker.java:901)
	at org.testng.internal.Invoker.invokeTestMethods(Invoker.java:1231)
	at org.testng.internal.TestMethodWorker.invokeTestMethods(TestMethodWorker.java:127)
	at org.testng.internal.TestMethodWorker.run(TestMethodWorker.java:111)
	at org.testng.TestRunner.privateRun(TestRunner.java:767)
	at org.testng.TestRunner.run(TestRunner.java:617)
	at org.testng.SuiteRunner.runTest(SuiteRunner.java:334)
	at org.testng.SuiteRunner.runSequentially(SuiteRunner.java:329)
	at org.testng.SuiteRunner.privateRun(SuiteRunner.java:291)
	at org.testng.SuiteRunner.run(SuiteRunner.java:240)
	at org.testng.SuiteRunnerWorker.runSuite(SuiteRunnerWorker.java:52)
	at org.testng.SuiteRunnerWorker.run(SuiteRunnerWorker.java:86)
	at org.testng.TestNG.runSuitesSequentially(TestNG.java:1224)
	at org.testng.TestNG.runSuitesLocally(TestNG.java:1149)
	at org.testng.TestNG.run(TestNG.java:1057)
	at org.testng.remote.RemoteTestNG.run(RemoteTestNG.java:111)
	at org.testng.remote.RemoteTestNG.initAndRun(RemoteTestNG.java:204)
	at org.testng.remote.RemoteTestNG.main(RemoteTestNG.java:175)
</div></td></tr></table><p class="totop"><a href="#summary">back to summary</a></p><h3 id="m17">org.rnott.mock.evaluators.StringEvaluatorTest#evaluate_IllegalStateException</h3><table class="result"><tr class="param"><th>Parameter #1</th><th>Parameter #2</th></tr><tr class="param stripe"><td>substring</td><td>[1234, 0, a]</td></tr><tr><th colspan="2">Expected Exception</th></tr><tr><td colspan="2"><div class="stacktrace">java.lang.IllegalStateException: String.substring(java.lang.Integer, java.lang.Character) does not exist or is not accessible
	at org.rnott.mock.evaluators.StringEvaluator.evaluate(StringEvaluator.java:49)
	at org.rnott.mock.evaluators.StringEvaluatorTest.evaluate_IllegalStateException(StringEvaluatorTest.java:77)
	at sun.reflect.NativeMethodAccessorImpl.invoke0(Native Method)
	at sun.reflect.NativeMethodAccessorImpl.invoke(NativeMethodAccessorImpl.java:57)
	at sun.reflect.DelegatingMethodAccessorImpl.invoke(DelegatingMethodAccessorImpl.java:43)
	at java.lang.reflect.Method.invoke(Method.java:601)
	at org.testng.internal.MethodInvocationHelper.invokeMethod(MethodInvocationHelper.java:84)
	at org.testng.internal.Invoker.invokeMethod(Invoker.java:714)
	at org.testng.internal.Invoker.invokeTestMethod(Invoker.java:901)
	at org.testng.internal.Invoker.invokeTestMethods(Invoker.java:1231)
	at org.testng.internal.TestMethodWorker.invokeTestMethods(TestMethodWorker.java:127)
	at org.testng.internal.TestMethodWorker.run(TestMethodWorker.java:111)
	at org.testng.TestRunner.privateRun(TestRunner.java:767)
	at org.testng.TestRunner.run(TestRunner.java:617)
	at org.testng.SuiteRunner.runTest(SuiteRunner.java:334)
	at org.testng.SuiteRunner.runSequentially(SuiteRunner.java:329)
	at org.testng.SuiteRunner.privateRun(SuiteRunner.java:291)
	at org.testng.SuiteRunner.run(SuiteRunner.java:240)
	at org.testng.SuiteRunnerWorker.runSuite(SuiteRunnerWorker.java:52)
	at org.testng.SuiteRunnerWorker.run(SuiteRunnerWorker.java:86)
	at org.testng.TestNG.runSuitesSequentially(TestNG.java:1224)
	at org.testng.TestNG.runSuitesLocally(TestNG.java:1149)
	at org.testng.TestNG.run(TestNG.java:1057)
	at org.testng.remote.RemoteTestNG.run(RemoteTestNG.java:111)
	at org.testng.remote.RemoteTestNG.initAndRun(RemoteTestNG.java:204)
	at org.testng.remote.RemoteTestNG.main(RemoteTestNG.java:175)
</div></td></tr></table><p class="totop"><a href="#summary">back to summary</a></p><h3 id="m18">org.rnott.mock.evaluators.StringEvaluatorTest#evaluate_IllegalStateException</h3><table class="result"><tr class="param"><th>Parameter #1</th><th>Parameter #2</th></tr><tr class="param stripe"><td>indexOf</td><td>[1234, 2]</td></tr><tr><th colspan="2">Expected Exception</th></tr><tr><td colspan="2"><div class="stacktrace">java.lang.IllegalStateException: String.indexOf(java.lang.Character) does not exist or is not accessible
	at org.rnott.mock.evaluators.StringEvaluator.evaluate(StringEvaluator.java:49)
	at org.rnott.mock.evaluators.StringEvaluatorTest.evaluate_IllegalStateException(StringEvaluatorTest.java:77)
	at sun.reflect.NativeMethodAccessorImpl.invoke0(Native Method)
	at sun.reflect.NativeMethodAccessorImpl.invoke(NativeMethodAccessorImpl.java:57)
	at sun.reflect.DelegatingMethodAccessorImpl.invoke(DelegatingMethodAccessorImpl.java:43)
	at java.lang.reflect.Method.invoke(Method.java:601)
	at org.testng.internal.MethodInvocationHelper.invokeMethod(MethodInvocationHelper.java:84)
	at org.testng.internal.Invoker.invokeMethod(Invoker.java:714)
	at org.testng.internal.Invoker.invokeTestMethod(Invoker.java:901)
	at org.testng.internal.Invoker.invokeTestMethods(Invoker.java:1231)
	at org.testng.internal.TestMethodWorker.invokeTestMethods(TestMethodWorker.java:127)
	at org.testng.internal.TestMethodWorker.run(TestMethodWorker.java:111)
	at org.testng.TestRunner.privateRun(TestRunner.java:767)
	at org.testng.TestRunner.run(TestRunner.java:617)
	at org.testng.SuiteRunner.runTest(SuiteRunner.java:334)
	at org.testng.SuiteRunner.runSequentially(SuiteRunner.java:329)
	at org.testng.SuiteRunner.privateRun(SuiteRunner.java:291)
	at org.testng.SuiteRunner.run(SuiteRunner.java:240)
	at org.testng.SuiteRunnerWorker.runSuite(SuiteRunnerWorker.java:52)
	at org.testng.SuiteRunnerWorker.run(SuiteRunnerWorker.java:86)
	at org.testng.TestNG.runSuitesSequentially(TestNG.java:1224)
	at org.testng.TestNG.runSuitesLocally(TestNG.java:1149)
	at org.testng.TestNG.run(TestNG.java:1057)
	at org.testng.remote.RemoteTestNG.run(RemoteTestNG.java:111)
	at org.testng.remote.RemoteTestNG.initAndRun(RemoteTestNG.java:204)
	at org.testng.remote.RemoteTestNG.main(RemoteTestNG.java:175)
</div></td></tr></table><p class="totop"><a href="#summary">back to summary</a></p><h3 id="m19">org.rnott.mock.evaluators.StringEvaluatorTest#evaluate_IllegalStateException</h3><table class="result"><tr class="param"><th>Parameter #1</th><th>Parameter #2</th></tr><tr class="param stripe"><td>method</td><td>null</td></tr><tr><th colspan="2">Expected Exception</th></tr><tr><td colspan="2"><div class="stacktrace">java.lang.IllegalStateException: String target instance must be the first parameter provided
	at org.rnott.mock.evaluators.StringEvaluator.evaluate(StringEvaluator.java:37)
	at org.rnott.mock.evaluators.StringEvaluatorTest.evaluate_IllegalStateException(StringEvaluatorTest.java:77)
	at sun.reflect.NativeMethodAccessorImpl.invoke0(Native Method)
	at sun.reflect.NativeMethodAccessorImpl.invoke(NativeMethodAccessorImpl.java:57)
	at sun.reflect.DelegatingMethodAccessorImpl.invoke(DelegatingMethodAccessorImpl.java:43)
	at java.lang.reflect.Method.invoke(Method.java:601)
	at org.testng.internal.MethodInvocationHelper.invokeMethod(MethodInvocationHelper.java:84)
	at org.testng.internal.Invoker.invokeMethod(Invoker.java:714)
	at org.testng.internal.Invoker.invokeTestMethod(Invoker.java:901)
	at org.testng.internal.Invoker.invokeTestMethods(Invoker.java:1231)
	at org.testng.internal.TestMethodWorker.invokeTestMethods(TestMethodWorker.java:127)
	at org.testng.internal.TestMethodWorker.run(TestMethodWorker.java:111)
	at org.testng.TestRunner.privateRun(TestRunner.java:767)
	at org.testng.TestRunner.run(TestRunner.java:617)
	at org.testng.SuiteRunner.runTest(SuiteRunner.java:334)
	at org.testng.SuiteRunner.runSequentially(SuiteRunner.java:329)
	at org.testng.SuiteRunner.privateRun(SuiteRunner.java:291)
	at org.testng.SuiteRunner.run(SuiteRunner.java:240)
	at org.testng.SuiteRunnerWorker.runSuite(SuiteRunnerWorker.java:52)
	at org.testng.SuiteRunnerWorker.run(SuiteRunnerWorker.java:86)
	at org.testng.TestNG.runSuitesSequentially(TestNG.java:1224)
	at org.testng.TestNG.runSuitesLocally(TestNG.java:1149)
	at org.testng.TestNG.run(TestNG.java:1057)
	at org.testng.remote.RemoteTestNG.run(RemoteTestNG.java:111)
	at org.testng.remote.RemoteTestNG.initAndRun(RemoteTestNG.java:204)
	at org.testng.remote.RemoteTestNG.main(RemoteTestNG.java:175)
</div></td></tr></table><p class="totop"><a href="#summary">back to summary</a></p><h3 id="m20">org.rnott.mock.evaluators.StringEvaluatorTest#key</h3><table class="result"></table><p class="totop"><a href="#summary">back to summary</a></p></body></html>